Arguments: 
  /usr/bin/node /usr/bin/yarn add @reduxjs/toolkit

PATH: 
  /usr/local/sbin:/usr/local/bin:/usr/bin:/usr/lib/jvm/default/bin:/usr/bin/site_perl:/usr/bin/vendor_perl:/usr/bin/core_perl

Yarn version: 
  1.22.19

Node version: 
  18.9.0

Platform: 
  linux x64

Trace: 
  Error: https://registry.yarnpkg.com/browserify-sign/-/browserify-sign-4.2.1.tgz: Request failed "503 Service Unavailable"
      at ResponseError.ExtendableBuiltin (/usr/lib/node_modules/yarn/lib/cli.js:696:66)
      at new ResponseError (/usr/lib/node_modules/yarn/lib/cli.js:802:124)
      at Request.<anonymous> (/usr/lib/node_modules/yarn/lib/cli.js:66215:16)
      at Request.emit (node:events:513:28)
      at module.exports.Request.onRequestResponse (/usr/lib/node_modules/yarn/lib/cli.js:141767:10)
      at ClientRequest.emit (node:events:513:28)
      at HTTPParser.parserOnIncomingClient (node:_http_client:693:27)
      at HTTPParser.parserOnHeadersComplete (node:_http_common:117:17)
      at TLSSocket.socketOnData (node:_http_client:534:22)
      at TLSSocket.emit (node:events:513:28)

npm manifest: 
  {
    "name": "uber-clone",
    "version": "1.0.0",
    "main": "node_modules/expo/AppEntry.js",
    "scripts": {
      "start": "expo start",
      "android": "expo start --android",
      "ios": "expo start --ios",
      "web": "expo start --web"
    },
    "dependencies": {
      "@expo/webpack-config": "^0.17.0",
      "@reduxjs/toolkit": "^1.8.5",
      "expo": "~46.0.13",
      "expo-status-bar": "~1.4.0",
      "react": "18.0.0",
      "react-dom": "18.0.0",
      "react-native": "0.69.6",
      "react-native-web": "~0.18.7"
    },
    "devDependencies": {
      "@babel/core": "^7.12.9"
    },
    "private": true
  }

yarn manifest: 
  No manifest

Lockfile: 
  No lockfile
